mobile/android-demo/build/Qt_6_10_0_Clang_arm64_v8a-Debug/android-build/build/intermediates/manifest_merge_blame_file/debug/processDebugMainManifest/manifest-merger-blame-debug-report.txt
1<?xml version="1.0" encoding="utf-8"?>
2<manifest xmlns:android="http://schemas.android.com/apk/res/android"
3    package="org.qtproject.example.qtandroiddemo"
4    android:installLocation="auto"
5    android:versionCode="1"
6    android:versionName="1.0" > <!-- Android SDK最低版本 -->
7    <uses-sdk
7-->Qt_6_10_0_Clang_arm64_v8a-Debug/android-build/AndroidManifest.xml:9:5-73
8        android:minSdkVersion="28"
8-->Qt_6_10_0_Clang_arm64_v8a-Debug/android-build/AndroidManifest.xml:9:15-41
9        android:targetSdkVersion="33" />
9-->Qt_6_10_0_Clang_arm64_v8a-Debug/android-build/AndroidManifest.xml:9:42-71
10
11    <!-- 权限声明 -->
12    <uses-permission android:name="android.permission.INTERNET" />
12-->Qt_6_10_0_Clang_arm64_v8a-Debug/android-build/AndroidManifest.xml:12:5-67
12-->Qt_6_10_0_Clang_arm64_v8a-Debug/android-build/AndroidManifest.xml:12:22-64
13    <uses-permission android:name="android.permission.ACCESS_NETWORK_STATE" />
13-->Qt_6_10_0_Clang_arm64_v8a-Debug/android-build/AndroidManifest.xml:13:5-79
13-->Qt_6_10_0_Clang_arm64_v8a-Debug/android-build/AndroidManifest.xml:13:22-76
14    <uses-permission android:name="android.permission.WRITE_EXTERNAL_STORAGE" />
14-->Qt_6_10_0_Clang_arm64_v8a-Debug/android-build/AndroidManifest.xml:14:5-81
14-->Qt_6_10_0_Clang_arm64_v8a-Debug/android-build/AndroidManifest.xml:14:22-78
15    <uses-permission android:name="android.permission.CAMERA" />
15-->Qt_6_10_0_Clang_arm64_v8a-Debug/android-build/AndroidManifest.xml:15:5-65
15-->Qt_6_10_0_Clang_arm64_v8a-Debug/android-build/AndroidManifest.xml:15:22-62
16    <uses-permission android:name="android.permission.VIBRATE" />
16-->Qt_6_10_0_Clang_arm64_v8a-Debug/android-build/AndroidManifest.xml:16:5-66
16-->Qt_6_10_0_Clang_arm64_v8a-Debug/android-build/AndroidManifest.xml:16:22-63
17
18    <permission
18-->[androidx.core:core:1.16.0] AndroidManifest.xml:22:5-24:47
19        android:name="org.qtproject.example.qtandroiddemo.DYNAMIC_RECEIVER_NOT_EXPORTED_PERMISSION"
19-->[androidx.core:core:1.16.0] AndroidManifest.xml:23:9-81
20        android:protectionLevel="signature" />
20-->[androidx.core:core:1.16.0] AndroidManifest.xml:24:9-44
21
22    <uses-permission android:name="org.qtproject.example.qtandroiddemo.DYNAMIC_RECEIVER_NOT_EXPORTED_PERMISSION" /> <!-- 应用程序配置 -->
22-->[androidx.core:core:1.16.0] AndroidManifest.xml:26:5-97
22-->[androidx.core:core:1.16.0] AndroidManifest.xml:26:22-94
23    <application
23-->Qt_6_10_0_Clang_arm64_v8a-Debug/android-build/AndroidManifest.xml:19:5-53:19
24        android:name="org.qtproject.qt.android.bindings.QtApplication"
24-->Qt_6_10_0_Clang_arm64_v8a-Debug/android-build/AndroidManifest.xml:20:18-80
25        android:allowBackup="true"
25-->Qt_6_10_0_Clang_arm64_v8a-Debug/android-build/AndroidManifest.xml:24:18-44
26        android:appComponentFactory="androidx.core.app.CoreComponentFactory"
26-->[androidx.core:core:1.16.0] AndroidManifest.xml:28:18-86
27        android:debuggable="true"
28        android:extractNativeLibs="false"
29        android:fullBackupContent="false"
29-->Qt_6_10_0_Clang_arm64_v8a-Debug/android-build/AndroidManifest.xml:25:18-51
30        android:hardwareAccelerated="true"
30-->Qt_6_10_0_Clang_arm64_v8a-Debug/android-build/AndroidManifest.xml:19:18-52
31        android:icon="@drawable/icon"
31-->Qt_6_10_0_Clang_arm64_v8a-Debug/android-build/AndroidManifest.xml:22:18-47
32        android:label="Qt Android Demo"
32-->Qt_6_10_0_Clang_arm64_v8a-Debug/android-build/AndroidManifest.xml:21:18-49
33        android:theme="@android:style/Theme.Material.Light.NoActionBar" >
33-->Qt_6_10_0_Clang_arm64_v8a-Debug/android-build/AndroidManifest.xml:23:18-81
34
35        <!-- 主Activity -->
36        <activity
36-->Qt_6_10_0_Clang_arm64_v8a-Debug/android-build/AndroidManifest.xml:28:9-52:20
37            android:name="org.qtproject.qt.android.bindings.QtActivity"
37-->Qt_6_10_0_Clang_arm64_v8a-Debug/android-build/AndroidManifest.xml:29:19-78
38            android:configChanges="orientation|uiMode|screenLayout|screenSize|smallestScreenSize|layoutDirection|locale|fontScale|keyboard|keyboardHidden|navigation|mcc|mnc|density"
38-->Qt_6_10_0_Clang_arm64_v8a-Debug/android-build/AndroidManifest.xml:28:19-188
39            android:exported="true"
39-->Qt_6_10_0_Clang_arm64_v8a-Debug/android-build/AndroidManifest.xml:33:19-42
40            android:label="Qt Android Demo"
40-->Qt_6_10_0_Clang_arm64_v8a-Debug/android-build/AndroidManifest.xml:30:19-50
41            android:launchMode="singleTop"
41-->Qt_6_10_0_Clang_arm64_v8a-Debug/android-build/AndroidManifest.xml:32:19-49
42            android:screenOrientation="unspecified" >
42-->Qt_6_10_0_Clang_arm64_v8a-Debug/android-build/AndroidManifest.xml:31:19-58
43            <intent-filter>
43-->Qt_6_10_0_Clang_arm64_v8a-Debug/android-build/AndroidManifest.xml:34:13-37:29
44                <action android:name="android.intent.action.MAIN" />
44-->Qt_6_10_0_Clang_arm64_v8a-Debug/android-build/AndroidManifest.xml:35:17-68
44-->Qt_6_10_0_Clang_arm64_v8a-Debug/android-build/AndroidManifest.xml:35:25-66
45
46                <category android:name="android.intent.category.LAUNCHER" />
46-->Qt_6_10_0_Clang_arm64_v8a-Debug/android-build/AndroidManifest.xml:36:17-76
46-->Qt_6_10_0_Clang_arm64_v8a-Debug/android-build/AndroidManifest.xml:36:27-74
47            </intent-filter>
48
49            <!-- Qt相关的metadata -->
50            <meta-data
50-->Qt_6_10_0_Clang_arm64_v8a-Debug/android-build/AndroidManifest.xml:40:13-91
51                android:name="android.app.lib_name"
51-->Qt_6_10_0_Clang_arm64_v8a-Debug/android-build/AndroidManifest.xml:40:24-59
52                android:value="QtAndroidDemo" />
52-->Qt_6_10_0_Clang_arm64_v8a-Debug/android-build/AndroidManifest.xml:40:60-89
53            <meta-data
53-->Qt_6_10_0_Clang_arm64_v8a-Debug/android-build/AndroidManifest.xml:41:13-112
54                android:name="android.app.qt_sources_resource_id"
54-->Qt_6_10_0_Clang_arm64_v8a-Debug/android-build/AndroidManifest.xml:41:24-73
55                android:resource="@array/qt_sources" />
55-->Qt_6_10_0_Clang_arm64_v8a-Debug/android-build/AndroidManifest.xml:41:74-110
56            <meta-data
56-->Qt_6_10_0_Clang_arm64_v8a-Debug/android-build/AndroidManifest.xml:42:13-87
57                android:name="android.app.repository"
57-->Qt_6_10_0_Clang_arm64_v8a-Debug/android-build/AndroidManifest.xml:42:24-61
58                android:value="default" />
58-->Qt_6_10_0_Clang_arm64_v8a-Debug/android-build/AndroidManifest.xml:42:62-85
59            <meta-data
59-->Qt_6_10_0_Clang_arm64_v8a-Debug/android-build/AndroidManifest.xml:43:13-106
60                android:name="android.app.qt_libs_resource_id"
60-->Qt_6_10_0_Clang_arm64_v8a-Debug/android-build/AndroidManifest.xml:43:24-70
61                android:resource="@array/qt_libs" />
61-->Qt_6_10_0_Clang_arm64_v8a-Debug/android-build/AndroidManifest.xml:43:71-104
62            <meta-data
62-->Qt_6_10_0_Clang_arm64_v8a-Debug/android-build/AndroidManifest.xml:44:13-116
63                android:name="android.app.bundled_libs_resource_id"
63-->Qt_6_10_0_Clang_arm64_v8a-Debug/android-build/AndroidManifest.xml:44:24-75
64                android:resource="@array/bundled_libs" />
64-->Qt_6_10_0_Clang_arm64_v8a-Debug/android-build/AndroidManifest.xml:44:76-114
65
66            <!-- Qt主题 -->
67            <meta-data
67-->Qt_6_10_0_Clang_arm64_v8a-Debug/android-build/AndroidManifest.xml:47:13-98
68                android:name="android.app.extract_android_style"
68-->Qt_6_10_0_Clang_arm64_v8a-Debug/android-build/AndroidManifest.xml:47:24-72
69                android:value="minimal" />
69-->Qt_6_10_0_Clang_arm64_v8a-Debug/android-build/AndroidManifest.xml:47:73-96
70
71            <!-- 启动画面 -->
72            <meta-data
72-->Qt_6_10_0_Clang_arm64_v8a-Debug/android-build/AndroidManifest.xml:50:13-109
73                android:name="android.app.splash_screen_drawable"
73-->Qt_6_10_0_Clang_arm64_v8a-Debug/android-build/AndroidManifest.xml:50:24-73
74                android:resource="@drawable/logo" />
74-->Qt_6_10_0_Clang_arm64_v8a-Debug/android-build/AndroidManifest.xml:50:74-107
75            <meta-data
75-->Qt_6_10_0_Clang_arm64_v8a-Debug/android-build/AndroidManifest.xml:51:13-95
76                android:name="android.app.splash_screen_sticky"
76-->Qt_6_10_0_Clang_arm64_v8a-Debug/android-build/AndroidManifest.xml:51:24-71
77                android:value="false" />
77-->Qt_6_10_0_Clang_arm64_v8a-Debug/android-build/AndroidManifest.xml:51:72-93
78        </activity>
79
80        <provider
80-->[androidx.profileinstaller:profileinstaller:1.3.0] AndroidManifest.xml:24:9-32:20
81            android:name="androidx.startup.InitializationProvider"
81-->[androidx.profileinstaller:profileinstaller:1.3.0] AndroidManifest.xml:25:13-67
82            android:authorities="org.qtproject.example.qtandroiddemo.androidx-startup"
82-->[androidx.profileinstaller:profileinstaller:1.3.0] AndroidManifest.xml:26:13-68
83            android:exported="false" >
83-->[androidx.profileinstaller:profileinstaller:1.3.0] AndroidManifest.xml:27:13-37
84            <meta-data
84-->[androidx.profileinstaller:profileinstaller:1.3.0] AndroidManifest.xml:29:13-31:52
85                android:name="androidx.profileinstaller.ProfileInstallerInitializer"
85-->[androidx.profileinstaller:profileinstaller:1.3.0] AndroidManifest.xml:30:17-85
86                android:value="androidx.startup" />
86-->[androidx.profileinstaller:profileinstaller:1.3.0] AndroidManifest.xml:31:17-49
87        </provider>
88
89        <receiver
89-->[androidx.profileinstaller:profileinstaller:1.3.0] AndroidManifest.xml:34:9-52:20
90            android:name="androidx.profileinstaller.ProfileInstallReceiver"
90-->[androidx.profileinstaller:profileinstaller:1.3.0] AndroidManifest.xml:35:13-76
91            android:directBootAware="false"
91-->[androidx.profileinstaller:profileinstaller:1.3.0] AndroidManifest.xml:36:13-44
92            android:enabled="true"
92-->[androidx.profileinstaller:profileinstaller:1.3.0] AndroidManifest.xml:37:13-35
93            android:exported="true"
93-->[androidx.profileinstaller:profileinstaller:1.3.0] AndroidManifest.xml:38:13-36
94            android:permission="android.permission.DUMP" >
94-->[androidx.profileinstaller:profileinstaller:1.3.0] AndroidManifest.xml:39:13-57
95            <intent-filter>
95-->[androidx.profileinstaller:profileinstaller:1.3.0] AndroidManifest.xml:40:13-42:29
96                <action android:name="androidx.profileinstaller.action.INSTALL_PROFILE" />
96-->[androidx.profileinstaller:profileinstaller:1.3.0] AndroidManifest.xml:41:17-91
96-->[androidx.profileinstaller:profileinstaller:1.3.0] AndroidManifest.xml:41:25-88
97            </intent-filter>
98            <intent-filter>
98-->[androidx.profileinstaller:profileinstaller:1.3.0] AndroidManifest.xml:43:13-45:29
99                <action android:name="androidx.profileinstaller.action.SKIP_FILE" />
99-->[androidx.profileinstaller:profileinstaller:1.3.0] AndroidManifest.xml:44:17-85
99-->[androidx.profileinstaller:profileinstaller:1.3.0] AndroidManifest.xml:44:25-82
100            </intent-filter>
101            <intent-filter>
101-->[androidx.profileinstaller:profileinstaller:1.3.0] AndroidManifest.xml:46:13-48:29
102                <action android:name="androidx.profileinstaller.action.SAVE_PROFILE" />
102-->[androidx.profileinstaller:profileinstaller:1.3.0] AndroidManifest.xml:47:17-88
102-->[androidx.profileinstaller:profileinstaller:1.3.0] AndroidManifest.xml:47:25-85
103            </intent-filter>
104            <intent-filter>
104-->[androidx.profileinstaller:profileinstaller:1.3.0] AndroidManifest.xml:49:13-51:29
105                <action android:name="androidx.profileinstaller.action.BENCHMARK_OPERATION" />
105-->[androidx.profileinstaller:profileinstaller:1.3.0] AndroidManifest.xml:50:17-95
105-->[androidx.profileinstaller:profileinstaller:1.3.0] AndroidManifest.xml:50:25-92
106            </intent-filter>
107        </receiver>
108    </application>
109
110</manifest>